#
# A fatal error has been detected by the Java Runtime Environment:
#
#  EXCEPTION_ACCESS_VIOLATION (0xc0000005) at pc=0x00007ffabf63ca80, pid=11372, tid=13348
#
# JRE version: Java(TM) SE Runtime Environment (24.0.1+9) (build 24.0.1+9-30)
# Java VM: Java HotSpot(TM) 64-Bit Server VM (24.0.1+9-30, mixed mode, sharing, tiered, compressed oops, compressed class ptrs, g1 gc, windows-amd64)
# Problematic frame:
# V  [jvm.dll+0x34ca80]
#
# No core dump will be written. Minidumps are not enabled by default on client versions of Windows
#
# If you would like to submit a bug report, please visit:
#   https://bugreport.java.com/bugreport/crash.jsp
#

---------------  S U M M A R Y ------------

Command Line: -XX:+ShowCodeDetailsInExceptionMessages com.example.music_management.MusicManagementApplication

Host: Intel(R) Core(TM) i5-8250U CPU @ 1.60GHz, 8 cores, 15G,  Windows 11 , 64 bit Build 22621 (10.0.22621.5124)
Time: Mon Jun 16 10:53:57 2025  Windows 11 , 64 bit Build 22621 (10.0.22621.5124) elapsed time: 38.197089 seconds (0d 0h 0m 38s)

---------------  T H R E A D  ---------------

Current thread (0x0000028ec641e050):  WorkerThread "GC Thread#7"    [id=13348, stack(0x000000a312c00000,0x000000a312d00000) (1024K)]

Stack: [0x000000a312c00000,0x000000a312d00000],  sp=0x000000a312cff6c8,  free space=1021k
Native frames: (J=compiled Java code, j=interpreted, Vv=VM code, C=native code)
V  [jvm.dll+0x34ca80]  (no source info available)


siginfo: EXCEPTION_ACCESS_VIOLATION (0xc0000005), reading address 0x0000028f7ff89239


Registers:
RAX=0x00002890c0a74bd7, RBX=0xe07e54c401297910, RCX=0x0000000703f2a610, RDX=0x0000028f7ff89231
RSP=0x000000a312cff6c8, RBP=0x000000a312cff759, RSI=0x000000a312cff800, RDI=0x0000028f7ff89231
R8 =0x0000000703f2a610, R9 =0xe07e54c401297910, R10=0x0000000703f2a610, R11=0x000000a312cff790
R12=0x0000000000000000, R13=0x0000028ec17382b0, R14=0x0000000000000235, R15=0x0000000703f2a610
RIP=0x00007ffabf63ca80, EFLAGS=0x0000000000010202

XMM[0]=0x00000000001a2b68 0x0000000000000009
XMM[1]=0x00000000e07e54f3 0xfff3e235e07e54eb
XMM[2]=0xe721ae12246ad034 0x841eb350b65e8e47
XMM[3]=0x8cf08c3132244eb9 0x247b1a268bc729b8
XMM[4]=0x9187b24d7f230fd1 0xc14e6f541baa6d7c
XMM[5]=0x00000000e07e54c2 0x00000000e07e54f3
XMM[6]=0x0000000000000000 0x0000000000000000
XMM[7]=0x0000000000000000 0x0000000000000000
XMM[8]=0x0000000000000000 0x0000000000000000
XMM[9]=0x0000000000000000 0x0000000000000000
XMM[10]=0x0000000000000000 0x0000000000000000
XMM[11]=0x0000000000000000 0x0000000000000000
XMM[12]=0x0000000000000000 0x0000000000000000
XMM[13]=0x0000000000000000 0x0000000000000000
XMM[14]=0x0000000000000000 0x0000000000000000
XMM[15]=0x0000000000000000 0x0000000000000000
  MXCSR=0x00001fa0


Register to memory mapping:

RAX=0x00002890c0a74bd7 is an unknown value
RBX=0xe07e54c401297910 is an unknown value
RCX=
[error occurred during error reporting (printing register info), id 0xc0000005, EXCEPTION_ACCESS_VIOLATION (0xc0000005) at pc=0x00007ffabf63ca80]
RDX=0x0000028f7ff89231 is an unknown value
RSP=0x000000a312cff6c8 points into unknown readable memory: 0x00007ffabf682f07 | 07 2f 68 bf fa 7f 00 00
RBP=0x000000a312cff759 points into unknown readable memory: 00 00 00 00 00 00 00
RSI=0x000000a312cff800 points into unknown readable memory: 0x0000028eca000001 | 01 00 00 ca 8e 02 00 00
RDI=0x0000028f7ff89231 is an unknown value
R8 =
[error occurred during error reporting (printing register info, attempt 2), id 0xc0000005, EXCEPTION_ACCESS_VIOLATION (0xc0000005) at pc=0x00007ffabf63ca80]
R9 =0xe07e54c401297910 is an unknown value
R10=
[error occurred during error reporting (printing register info, attempt 3), id 0xc0000005, EXCEPTION_ACCESS_VIOLATION (0xc0000005) at pc=0x00007ffabf63ca80]
Top of Stack: (sp=0x000000a312cff6c8)
0x000000a312cff6c8:   00007ffabf682f07 0000000000000000   ./h.............
0x000000a312cff6d8:   0000028e801a2b68 000000a312cff759   h+......Y.......
0x000000a312cff6e8:   0000000703731eb8 0000000000000002   ..s.............
0x000000a312cff6f8:   00007ffa00000000 0000000000000001   ................
0x000000a312cff708:   0000000000000001 00000007ff000001   ................
0x000000a312cff718:   0000000000000001 0000000000000001   ................
0x000000a312cff728:   00007ffabf452362 0000028ee6000001   b#E.............
0x000000a312cff738:   0000028ec6441c80 000000a300000000   ..D.............
0x000000a312cff748:   0000000000000009 0000028eeb0632b0   .........2......
0x000000a312cff758:   0000000000000048 0000000000000048   H.......H.......
0x000000a312cff768:   0000000000000009 000000a312cff800   ................
0x000000a312cff778:   0000000000006a63 0000028ec17382b0   cj........s.....
0x000000a312cff788:   00002890c0a74bd7 0000000000000040   .K...(..@.......
0x000000a312cff798:   0000028ec651f110 0000000000000000   ..Q.............
0x000000a312cff7a8:   0000028ec17382b0 000000a312cff860   ..s.....`.......
0x000000a312cff7b8:   00007ffabf6812ee 0000000000000235   ..h.....5.......
0x000000a312cff7c8:   0000000703731f48 0000028ecdceade0   H.s.............
0x000000a312cff7d8:   0000000000000000 0000000703731f49   ........I.s.....
0x000000a312cff7e8:   00007ffabf684368 0000028ec1000001   hCh.............
0x000000a312cff7f8:   0000028ecdcefe01 0000028eca000001   ................
0x000000a312cff808:   0000028ec17382b0 00000007ff8cd374   ..s.....t.......
0x000000a312cff818:   00007ffabf68944d 00000007ff8cd334   M.h.....4.......
0x000000a312cff828:   00007ffabf689407 00000007ff8cd448   ..h.....H.......
0x000000a312cff838:   00007ffabfa18c3f 000000a312cff8c0   ?...............
0x000000a312cff848:   00007ffabf68a39d 00000007ff8cd3cc   ..h.............
0x000000a312cff858:   00007ffabf68ff00 0000028ecdccdf70   ..h.....p.......
0x000000a312cff868:   000000a312cffaa0 00000000000007eb   ................
0x000000a312cff878:   00000007ff8cd448 000000000000000f   H...............
0x000000a312cff888:   0000028ec17382b0 000000a312cffaa0   ..s.............
0x000000a312cff898:   00007ffabf6806ce 00000007ff8cd400   ..h.............
0x000000a312cff8a8:   00000007ff8cd400 00000007ff8ab000   ................
0x000000a312cff8b8:   00000000000000c0 0000000016b8adcf   ................

Instructions: (pc=0x00007ffabf63ca80)
  0x00007ffabf63c980:   c1 eb 03 48 3b da 73 98 eb 1d 41 b1 01 4c 8b c3
  0x00007ffabf63c990:   48 8b d6 48 8b cf e8 35 62 03 00 4c 8d 04 dd 00
  0x00007ffabf63c9a0:   00 00 00 48 89 77 20 48 8b 74 24 38 48 8b 4f 10
  0x00007ffabf63c9b0:   48 8b 5f 08 48 2b d9 49 03 d8 4d 8b 06 48 8b d7
  0x00007ffabf63c9c0:   49 8b ce 41 ff 50 10 48 8b 7c 24 48 48 8b c3 48
  0x00007ffabf63c9d0:   8b 5c 24 40 48 83 c4 20 41 5e c3 cc cc cc cc cc
  0x00007ffabf63c9e0:   40 53 48 83 ec 20 4c 8b 42 10 4c 8d 4c 24 40 0f
  0x00007ffabf63c9f0:   b6 41 38 48 8b d9 4c 2b 41 28 4c 2b 02 48 8b 0d
  0x00007ffabf63ca00:   44 98 94 00 88 44 24 31 c6 44 24 30 00 0f b7 44
  0x00007ffabf63ca10:   24 30 66 89 44 24 40 c6 44 24 42 00 e8 1f 36 01
  0x00007ffabf63ca20:   00 48 c7 43 28 00 00 00 00 48 83 c4 20 5b c3 cc
  0x00007ffabf63ca30:   4c 8b 42 10 4c 2b 02 48 8b 0d 0a 98 94 00 e9 8d
  0x00007ffabf63ca40:   36 01 00 cc cc cc cc cc cc cc cc cc cc cc cc cc
  0x00007ffabf63ca50:   48 8b 42 10 48 2b 02 ff 41 10 48 89 41 28 48 89
  0x00007ffabf63ca60:   51 08 c3 cc cc cc cc cc cc cc cc cc cc cc cc cc
  0x00007ffabf63ca70:   48 89 0d d1 97 94 00 48 89 15 c2 97 94 00 c3 cc
=>0x00007ffabf63ca80:   44 8b 4a 08 4c 8b c2 45 85 c9 7e 0e 41 f6 c1 01
  0x00007ffabf63ca90:   75 49 41 c1 f9 03 49 63 c1 c3 79 3f 8b 05 96 36
  0x00007ffabf63caa0:   8e 00 ff c8 4c 63 c0 48 63 05 ea 83 97 00 48 63
  0x00007ffabf63cab0:   14 08 41 8b c9 83 e1 3f 41 8b c1 48 c1 f8 10 0f
  0x00007ffabf63cac0:   b6 c0 48 d3 e2 49 8d 0c 10 49 f7 d0 48 03 c1 49
  0x00007ffabf63cad0:   c1 e8 03 48 c1 e8 03 49 23 c0 c3 48 8b 02 48 8b
  0x00007ffabf63cae0:   d1 49 8b c8 48 ff a0 f8 00 00 00 cc cc cc cc cc
  0x00007ffabf63caf0:   48 8b 51 08 33 c0 48 3b 15 43 97 94 00 48 0f 44
  0x00007ffabf63cb00:   d0 48 85 d2 74 07 48 8b 42 10 48 2b 02 48 8b 51
  0x00007ffabf63cb10:   30 48 85 d2 74 0a 48 8b 4a 10 48 2b 0a 48 03 c1
  0x00007ffabf63cb20:   c3 cc cc cc cc cc cc cc cc cc cc cc cc cc cc cc
  0x00007ffabf63cb30:   48 89 4c 24 08 48 89 54 24 10 4c 89 44 24 18 4c
  0x00007ffabf63cb40:   89 4c 24 20 48 83 ec 28 4c 8b c1 4c 8d 4c 24 38
  0x00007ffabf63cb50:   48 8d 0d 69 97 94 00 ba 01 00 00 00 e8 3f c6 2e
  0x00007ffabf63cb60:   00 48 83 c4 28 c3 cc cc cc cc cc cc cc cc cc cc
  0x00007ffabf63cb70:   48 89 4c 24 08 48 89 54 24 10 4c 89 44 24 18 4c


Stack slot to memory mapping:

stack at sp + 0 slots: 0x00007ffabf682f07 jvm.dll
stack at sp + 1 slots: 0x0 is null
stack at sp + 2 slots: 0x0000028e801a2b68 is a pointer to class: 
java.lang.reflect.Field {0x0000028e801a2b70}
 - instance size:     9
 - klass size:        98
 - access:            public final synchronized 
 - flags:             rewritten has_nonstatic_fields has_nonstatic_concrete_methods is_shared_boot_class has_localvariable_table has_resolved_methods 
 - state:             fully_initialized
 - name:              'java/lang/reflect/Field'
 - super:             'java/lang/reflect/AccessibleObject'
 - sub:               
 - arrays:            'java/lang/reflect/Field'[]
 - methods:           Array<T>(0x0000028e807597b8)
 - method ordering:   Array<T>(0x0000028e80669be0)
 - local interfaces:  Array<T>(0x0000028e8075b188)
 - trans. interfaces: Array<T>(0x0000028e8075b198)
 - secondary supers: Array<T>(0x0000028e80758400)
 - hash_slot:         29
 - secondary bitmap: 0x0000000200080000
 - constants:         constant pool [454] {0x0000028e807584c0} for 'java/lang/reflect/Field' cache=0x0000028e801a2ed0
 - class loader data:  loader data: 0x0000028eeb12ba30 of 'bootstrap'
 - source file:       'Field.java'
 - field annotations:       Array<T>(0x0000028e80759748)
 - inner classes:     Array<T>(0x0000028e80669788)
 - nest members:     Array<T>(0x0000028e8065eda0)
 - permitted subclasses:     Array<T>(0x0000028e8065eda0)
 - java mirror:       a 'java/lang/Class'{0x00000007027b6bc8} = 'java/lang/reflect/Field'
 - vtable length      18  (start addr: 0x0000028e801a2d48)
 - itable length      18 (start addr: 0x0000028e801a2dd8)
 - ---- static fields (0 words):
 - ---- non-static fields (14 words):
 - 'override' 'Z' @12 
 - volatile 'accessCheckCache' 'Ljava/lang/Object;' @16 
 - private final 'trustedFinal' 'Z' @13 
 - private final 'slot' 'I' @20 
 - private final 'modifiers' 'I' @24 
 - private final 'clazz' 'Ljava/lang/Class;' @28 
 - private final 'name' 'Ljava/lang/String;' @32 
 - private final 'type' 'Ljava/lang/Class;' @36 
 - private final transient 'signature' 'Ljava/lang/String;' @40 
 - private final 'annotations' '[B' @44 
 - private 'root' 'Ljava/lang/reflect/Field;' @48 
 - private volatile transient 'genericInfo' 'Lsun/reflect/generics/repository/FieldRepository;' @52 
 - private 'fieldAccessor' 'Ljdk/internal/reflect/FieldAccessor;' @56 
 - private 'overrideFieldAccessor' 'Ljdk/internal/reflect/FieldAccessor;' @60 
 - private volatile transient 'declaredAnnotations' 'Ljava/util/Map;' @64 
 - non-static oop maps: 16-16 28-64 
stack at sp + 3 slots: 0x000000a312cff759 points into unknown readable memory: 00 00 00 00 00 00 00
stack at sp + 4 slots: 0x0000000703731eb8 is an oop: org.springframework.util.ConcurrentReferenceHashMap$SoftEntryReference 
{0x0000000703731eb8} - klass: 'org/springframework/util/ConcurrentReferenceHashMap$SoftEntryReference' - flags: 

 - ---- fields (total size 6 words):
 - private 'referent' 'Ljava/lang/Object;' @12  a 'org/springframework/util/ConcurrentReferenceHashMap$Entry'{0x0000000703731ee8} (0xe06e63dd)
 - volatile 'queue' 'Ljava/lang/ref/ReferenceQueue;' @16  a 'java/lang/ref/ReferenceQueue'{0x00000007ff8cbbe0} (0xfff1977c)
 - volatile 'next' 'Ljava/lang/ref/Reference;' @20  null (0x00000000)
 - private transient 'discovered' 'Ljava/lang/ref/Reference;' @24  null (0x00000000)
 - private 'timestamp' 'J' @32  519076773 (0x000000001ef07ba5)
 - private final 'hash' 'I' @28  -1539163458 (0xa4423abe)
 - private final 'nextReference' 'Lorg/springframework/util/ConcurrentReferenceHashMap$Reference;' @40  a 'org/springframework/util/ConcurrentReferenceHashMap$SoftEntryReference'{0x0000000703121ed0} (0xe06243da)
stack at sp + 5 slots: 0x0000000000000002 is an unknown value
stack at sp + 6 slots: 0x00007ffa00000000 is an unknown value
stack at sp + 7 slots: 0x0000000000000001 is an unknown value


---------------  P R O C E S S  ---------------

Threads class SMR info:
_java_thread_list=0x0000028ec8970390, length=32, elements={
0x0000028eeb2160a0, 0x0000028eeb2169e0, 0x0000028eeb21a320, 0x0000028eeb21d2b0,
0x0000028eeb21dff0, 0x0000028eeb21eb20, 0x0000028eeb228840, 0x0000028eeb22f220,
0x0000028ec10f7450, 0x0000028ec10fabc0, 0x0000028ec74977d0, 0x0000028ec79e0a50,
0x0000028ec79df460, 0x0000028ec79e0300, 0x0000028ec79dde70, 0x0000028ec79de5c0,
0x0000028ec79ded10, 0x0000028ec85190f0, 0x0000028ec8519f90, 0x0000028ec85173b0,
0x0000028ec8516510, 0x0000028ec8516c60, 0x0000028ec8518250, 0x0000028ec8519840,
0x0000028ec851c420, 0x0000028ec85189a0, 0x0000028ec8517b00, 0x0000028ec851ae30,
0x0000028ec851a6e0, 0x0000028ec851b580, 0x0000028ec851bcd0, 0x0000028ec851cb70
}

Java Threads: ( => current thread )
  0x0000028eeb2160a0 JavaThread "Reference Handler"          daemon [_thread_blocked, id=22564, stack(0x000000a311900000,0x000000a311a00000) (1024K)]
  0x0000028eeb2169e0 JavaThread "Finalizer"                  daemon [_thread_blocked, id=17116, stack(0x000000a311a00000,0x000000a311b00000) (1024K)]
  0x0000028eeb21a320 JavaThread "Signal Dispatcher"          daemon [_thread_blocked, id=12200, stack(0x000000a311b00000,0x000000a311c00000) (1024K)]
  0x0000028eeb21d2b0 JavaThread "Attach Listener"            daemon [_thread_blocked, id=17112, stack(0x000000a311c00000,0x000000a311d00000) (1024K)]
  0x0000028eeb21dff0 JavaThread "Service Thread"             daemon [_thread_blocked, id=9232, stack(0x000000a311d00000,0x000000a311e00000) (1024K)]
  0x0000028eeb21eb20 JavaThread "Monitor Deflation Thread"   daemon [_thread_blocked, id=14600, stack(0x000000a311e00000,0x000000a311f00000) (1024K)]
  0x0000028eeb228840 JavaThread "C2 CompilerThread0"         daemon [_thread_blocked, id=23692, stack(0x000000a311f00000,0x000000a312000000) (1024K)]
  0x0000028eeb22f220 JavaThread "C1 CompilerThread0"         daemon [_thread_blocked, id=20224, stack(0x000000a312000000,0x000000a312100000) (1024K)]
  0x0000028ec10f7450 JavaThread "Notification Thread"        daemon [_thread_blocked, id=12532, stack(0x000000a312100000,0x000000a312200000) (1024K)]
  0x0000028ec10fabc0 JavaThread "Common-Cleaner"             daemon [_thread_blocked, id=21700, stack(0x000000a312200000,0x000000a312300000) (1024K)]
  0x0000028ec74977d0 JavaThread "Catalina-utility-1"                [_thread_blocked, id=14964, stack(0x000000a312f00000,0x000000a313000000) (1024K)]
  0x0000028ec79e0a50 JavaThread "Catalina-utility-2"                [_thread_blocked, id=6588, stack(0x000000a313000000,0x000000a313100000) (1024K)]
  0x0000028ec79df460 JavaThread "container-0"                       [_thread_blocked, id=13700, stack(0x000000a313100000,0x000000a313200000) (1024K)]
  0x0000028ec79e0300 JavaThread "MVStore background writer C:/Users/user/Desktop/teamA/teamA/sampledb.mv.db" daemon [_thread_blocked, id=24356, stack(0x000000a313200000,0x000000a313300000) (1024K)]
  0x0000028ec79dde70 JavaThread "HikariPool-1:housekeeper"   daemon [_thread_blocked, id=14552, stack(0x000000a313300000,0x000000a313400000) (1024K)]
  0x0000028ec79de5c0 JavaThread "H2-serialization"           daemon [_thread_blocked, id=15652, stack(0x000000a313500000,0x000000a313600000) (1024K)]
  0x0000028ec79ded10 JavaThread "H2-save"                    daemon [_thread_blocked, id=20440, stack(0x000000a313600000,0x000000a313700000) (1024K)]
  0x0000028ec85190f0 JavaThread "File Watcher"               daemon [_thread_blocked, id=2972, stack(0x000000a313700000,0x000000a313800000) (1024K)]
  0x0000028ec8519f90 JavaThread "Live Reload Server"         daemon [_thread_in_native, id=1652, stack(0x000000a313900000,0x000000a313a00000) (1024K)]
  0x0000028ec85173b0 JavaThread "http-nio-8080-exec-1"       daemon [_thread_blocked, id=19664, stack(0x000000a313800000,0x000000a313900000) (1024K)]
  0x0000028ec8516510 JavaThread "http-nio-8080-exec-2"       daemon [_thread_blocked, id=11896, stack(0x000000a313a00000,0x000000a313b00000) (1024K)]
  0x0000028ec8516c60 JavaThread "http-nio-8080-exec-3"       daemon [_thread_blocked, id=4976, stack(0x000000a313b00000,0x000000a313c00000) (1024K)]
  0x0000028ec8518250 JavaThread "http-nio-8080-exec-4"       daemon [_thread_blocked, id=20524, stack(0x000000a313c00000,0x000000a313d00000) (1024K)]
  0x0000028ec8519840 JavaThread "http-nio-8080-exec-5"       daemon [_thread_blocked, id=21304, stack(0x000000a313d00000,0x000000a313e00000) (1024K)]
  0x0000028ec851c420 JavaThread "http-nio-8080-exec-6"       daemon [_thread_blocked, id=24172, stack(0x000000a313e00000,0x000000a313f00000) (1024K)]
  0x0000028ec85189a0 JavaThread "http-nio-8080-exec-7"       daemon [_thread_blocked, id=304, stack(0x000000a313f00000,0x000000a314000000) (1024K)]
  0x0000028ec8517b00 JavaThread "http-nio-8080-exec-8"       daemon [_thread_blocked, id=9960, stack(0x000000a314000000,0x000000a314100000) (1024K)]
  0x0000028ec851ae30 JavaThread "http-nio-8080-exec-9"       daemon [_thread_blocked, id=15828, stack(0x000000a314100000,0x000000a314200000) (1024K)]
  0x0000028ec851a6e0 JavaThread "http-nio-8080-exec-10"      daemon [_thread_blocked, id=11208, stack(0x000000a314200000,0x000000a314300000) (1024K)]
  0x0000028ec851b580 JavaThread "http-nio-8080-Poller"       daemon [_thread_blocked, id=8992, stack(0x000000a314300000,0x000000a314400000) (1024K)]
  0x0000028ec851bcd0 JavaThread "http-nio-8080-Acceptor"     daemon [_thread_in_native, id=13784, stack(0x000000a314400000,0x000000a314500000) (1024K)]
  0x0000028ec851cb70 JavaThread "DestroyJavaVM"                     [_thread_blocked, id=7408, stack(0x000000a311100000,0x000000a311200000) (1024K)]
Total: 32

Other Threads:
  0x0000028eeb2087c0 VMThread "VM Thread"                           [id=8948, stack(0x000000a311800000,0x000000a311900000) (1024K)]
  0x0000028eeb1fd790 WatcherThread "VM Periodic Task Thread"        [id=11664, stack(0x000000a311700000,0x000000a311800000) (1024K)]
  0x0000028ecdd396d0 WorkerThread "GC Thread#0"                     [id=22888, stack(0x000000a311200000,0x000000a311300000) (1024K)]
  0x0000028ec661a860 WorkerThread "GC Thread#1"                     [id=6316, stack(0x000000a312300000,0x000000a312400000) (1024K)]
  0x0000028ec661ac10 WorkerThread "GC Thread#2"                     [id=6492, stack(0x000000a312700000,0x000000a312800000) (1024K)]
  0x0000028ec65f9850 WorkerThread "GC Thread#3"                     [id=9856, stack(0x000000a312800000,0x000000a312900000) (1024K)]
  0x0000028ec63fbcb0 WorkerThread "GC Thread#4"                     [id=8488, stack(0x000000a312900000,0x000000a312a00000) (1024K)]
  0x0000028ec641c8c0 WorkerThread "GC Thread#5"                     [id=6340, stack(0x000000a312a00000,0x000000a312b00000) (1024K)]
  0x0000028ec641d890 WorkerThread "GC Thread#6"                     [id=5488, stack(0x000000a312b00000,0x000000a312c00000) (1024K)]
=>0x0000028ec641e050 WorkerThread "GC Thread#7"                     [id=13348, stack(0x000000a312c00000,0x000000a312d00000) (1024K)]
  0x0000028ecdd4e5e0 ConcurrentGCThread "G1 Main Marker"            [id=1580, stack(0x000000a311300000,0x000000a311400000) (1024K)]
  0x0000028eeb060d50 WorkerThread "G1 Conc#0"                       [id=7000, stack(0x000000a311400000,0x000000a311500000) (1024K)]
  0x0000028ec69100d0 WorkerThread "G1 Conc#1"                       [id=15188, stack(0x000000a312600000,0x000000a312700000) (1024K)]
  0x0000028eeb12f320 ConcurrentGCThread "G1 Refine#0"               [id=2792, stack(0x000000a311500000,0x000000a311600000) (1024K)]
  0x0000028eeb12fea0 ConcurrentGCThread "G1 Service"                [id=21788, stack(0x000000a311600000,0x000000a311700000) (1024K)]
Total: 15

Threads with active compile tasks:
C2 CompilerThread0  40498 6167       4       java.util.Properties::loadConvert (540 bytes)
C1 CompilerThread0  40498 6164       3       com.sun.org.apache.xerces.internal.util.SymbolTable::hash (53 bytes)
Total: 2

VM state: at safepoint (normal execution)

VM Mutex/Monitor currently owned by a thread:  ([mutex/lock_event])
[0x00007ffabffb44b0] Threads_lock - owner thread: 0x0000028eeb2087c0
[0x00007ffabffb45b0] Heap_lock - owner thread: 0x0000028ec851ae30

Heap address: 0x0000000702200000, size: 4062 MB, Compressed Oops mode: Zero based, Oop shift amount: 3

CDS archive(s) mapped at: [0x0000028e80000000-0x0000028e80d40000-0x0000028e80d40000), size 13893632, SharedBaseAddress: 0x0000028e80000000, ArchiveRelocationMode: 1.
Compressed class space mapped at: 0x0000028e81000000-0x0000028ec1000000, reserved size: 1073741824
UseCompressedClassPointers 1, UseCompactObjectHeaders 0
Narrow klass pointer bits 32, Max shift 3
Narrow klass base: 0x0000028e80000000, Narrow klass shift: 0
Encoding Range: [0x0000028e80000000 - 0x0000028f80000000), (4294967296 bytes)
Klass Range:    [0x0000028e80000000 - 0x0000028ec1000000), (1090519040 bytes)
Klass ID Range:  [8 - 1090519033) (1090519025)

GC Precious Log:
 CardTable entry size: 512
 Card Set container configuration: InlinePtr #cards 4 size 8 Array Of Cards #cards 16 size 48 Howl #buckets 8 coarsen threshold 3686 Howl Bitmap #cards 512 size 80 coarsen threshold 460 Card regions per heap region 1 cards per card region 4096
 CPUs: 8 total, 8 available
 Memory: 16243M
 Large Page Support: Disabled
 NUMA Support: Disabled
 Compressed Oops: Enabled (Zero based)
 Heap Region Size: 2M
 Heap Min Capacity: 8M
 Heap Initial Capacity: 254M
 Heap Max Capacity: 4062M
 Pre-touch: Disabled
 Parallel Workers: 8
 Concurrent Workers: 2
 Concurrent Refinement Workers: 8
 Periodic GC: Disabled

Heap:
 garbage-first heap   total reserved 4159488K, committed 71680K, used 56858K [0x0000000702200000, 0x0000000800000000)
  region size 2048K, 18 young (36864K), 3 survivors (6144K)
 Metaspace       used 49031K, committed 49472K, reserved 1114112K
  class space    used 5147K, committed 5312K, reserved 1048576K

Heap Regions: E=young(eden), S=young(survivor), O=old, HS=humongous(starts), HC=humongous(continues), CS=collection set, F=free, TAMS=top-at-mark-start, PB=parsable bottom
|   0|0x0000000702200000, 0x0000000702280998, 0x0000000702400000| 25%| O|CS|TAMS 0x0000000702200000| PB 0x0000000702200000| Complete |  0
|   1|0x0000000702400000, 0x0000000702600000, 0x0000000702600000|100%|HS|  |TAMS 0x0000000702400000| PB 0x0000000702400000| Complete |  0
|   2|0x0000000702600000, 0x0000000702800000, 0x0000000702800000|100%| O|  |TAMS 0x0000000702600000| PB 0x0000000702600000| Untracked |  0
|   3|0x0000000702800000, 0x0000000702a00000, 0x0000000702a00000|100%| O|  |TAMS 0x0000000702800000| PB 0x0000000702800000| Untracked |  0
|   4|0x0000000702a00000, 0x0000000702c00000, 0x0000000702c00000|100%| O|  |TAMS 0x0000000702a00000| PB 0x0000000702a00000| Untracked |  0
|   5|0x0000000702c00000, 0x0000000702e00000, 0x0000000702e00000|100%| O|  |TAMS 0x0000000702c00000| PB 0x0000000702c00000| Untracked |  0
|   6|0x0000000702e00000, 0x0000000703000000, 0x0000000703000000|100%| O|  |TAMS 0x0000000702e00000| PB 0x0000000702e00000| Untracked |  0
|   7|0x0000000703000000, 0x0000000703200000, 0x0000000703200000|100%| O|  |TAMS 0x0000000703000000| PB 0x0000000703000000| Untracked |  0
|   8|0x0000000703200000, 0x00000007032e6208, 0x0000000703400000| 44%| O|  |TAMS 0x0000000703200000| PB 0x0000000703200000| Untracked |  0
|   9|0x0000000703400000, 0x0000000703400000, 0x0000000703600000|  0%| F|  |TAMS 0x0000000703400000| PB 0x0000000703400000| Untracked |  0
|  10|0x0000000703600000, 0x0000000703800000, 0x0000000703800000|100%| S|  |TAMS 0x0000000703600000| PB 0x0000000703600000| Complete |  0
|  11|0x0000000703800000, 0x0000000703a00000, 0x0000000703a00000|100%| S|  |TAMS 0x0000000703800000| PB 0x0000000703800000| Complete |  0
|  12|0x0000000703a00000, 0x0000000703c00000, 0x0000000703c00000|100%| E|CS|TAMS 0x0000000703a00000| PB 0x0000000703a00000| Complete |  0
|  13|0x0000000703c00000, 0x0000000703e00000, 0x0000000703e00000|100%| E|CS|TAMS 0x0000000703c00000| PB 0x0000000703c00000| Complete |  0
|  14|0x0000000703e00000, 0x0000000704000000, 0x0000000704000000|100%| E|CS|TAMS 0x0000000703e00000| PB 0x0000000703e00000| Complete |  0
|  15|0x0000000704000000, 0x0000000704200000, 0x0000000704200000|100%| O|CS|TAMS 0x0000000704000000| PB 0x0000000704000000| Complete |  0
|  16|0x0000000704200000, 0x0000000704400000, 0x0000000704400000|100%| S|  |TAMS 0x0000000704200000| PB 0x0000000704200000| Complete |  0
|  17|0x0000000704400000, 0x0000000704600000, 0x0000000704600000|100%| E|CS|TAMS 0x0000000704400000| PB 0x0000000704400000| Complete |  0
|  18|0x0000000704600000, 0x0000000704800000, 0x0000000704800000|100%| E|CS|TAMS 0x0000000704600000| PB 0x0000000704600000| Complete |  0
|  19|0x0000000704800000, 0x0000000704a00000, 0x0000000704a00000|100%| E|CS|TAMS 0x0000000704800000| PB 0x0000000704800000| Complete |  0
|  20|0x0000000704a00000, 0x0000000704c00000, 0x0000000704c00000|100%| E|CS|TAMS 0x0000000704a00000| PB 0x0000000704a00000| Complete |  0
|  21|0x0000000704c00000, 0x0000000704e00000, 0x0000000704e00000|100%| E|CS|TAMS 0x0000000704c00000| PB 0x0000000704c00000| Complete |  0
|  22|0x0000000704e00000, 0x0000000705000000, 0x0000000705000000|100%| E|CS|TAMS 0x0000000704e00000| PB 0x0000000704e00000| Complete |  0
|  23|0x0000000705000000, 0x0000000705200000, 0x0000000705200000|100%| E|CS|TAMS 0x0000000705000000| PB 0x0000000705000000| Complete |  0
|  92|0x000000070da00000, 0x000000070dc00000, 0x000000070dc00000|100%| E|CS|TAMS 0x000000070da00000| PB 0x000000070da00000| Complete |  0
|  93|0x000000070dc00000, 0x000000070de00000, 0x000000070de00000|100%| E|CS|TAMS 0x000000070dc00000| PB 0x000000070dc00000| Complete |  0
|  94|0x000000070de00000, 0x000000070e000000, 0x000000070e000000|100%| E|CS|TAMS 0x000000070de00000| PB 0x000000070de00000| Complete |  0
|  95|0x000000070e000000, 0x000000070e200000, 0x000000070e200000|100%| E|CS|TAMS 0x000000070e000000| PB 0x000000070e000000| Complete |  0
|  96|0x000000070e200000, 0x000000070e400000, 0x000000070e400000|100%| E|CS|TAMS 0x000000070e200000| PB 0x000000070e200000| Complete |  0
|  97|0x000000070e400000, 0x000000070e600000, 0x000000070e600000|100%| E|CS|TAMS 0x000000070e400000| PB 0x000000070e400000| Complete |  0
| 126|0x0000000711e00000, 0x0000000712000000, 0x0000000712000000|100%| E|CS|TAMS 0x0000000711e00000| PB 0x0000000711e00000| Complete |  0
|2027|0x00000007ff800000, 0x00000007ffa00000, 0x00000007ffa00000|100%| O|  |TAMS 0x00000007ff800000| PB 0x00000007ff800000| Untracked |  0
|2028|0x00000007ffa00000, 0x00000007ffc00000, 0x00000007ffc00000|100%| O|  |TAMS 0x00000007ffa00000| PB 0x00000007ffa00000| Untracked |  0
|2029|0x00000007ffc00000, 0x00000007ffe00000, 0x00000007ffe00000|100%| O|  |TAMS 0x00000007ffc00000| PB 0x00000007ffc00000| Untracked |  0
|2030|0x00000007ffe00000, 0x0000000800000000, 0x0000000800000000|100%| E|CS|TAMS 0x00000007ffe00000| PB 0x00000007ffe00000| Complete |  0

Card table byte_map: [0x0000028ee68f0000,0x0000028ee70e0000] _byte_map_base: 0x0000028ee30df000

Marking Bits: (CMBitMap*) 0x0000028ecdd39de0
 Bits: [0x0000028ee70e0000, 0x0000028eeb058000)

Polling page: 0x0000028ecd460000

Metaspace:

Usage:
  Non-class:     42.86 MB used.
      Class:      5.03 MB used.
       Both:     47.88 MB used.

Virtual space:
  Non-class space:       64.00 MB reserved,      43.12 MB ( 67%) committed,  1 nodes.
      Class space:        1.00 GB reserved,       5.19 MB ( <1%) committed,  1 nodes.
             Both:        1.06 GB reserved,      48.31 MB (  4%) committed. 

Chunk freelists:
   Non-Class:  4.00 MB
       Class:  10.75 MB
        Both:  14.75 MB

MaxMetaspaceSize: unlimited
CompressedClassSpaceSize: 1.00 GB
Initial GC threshold: 21.00 MB
Current GC threshold: 58.75 MB
CDS: on
 - commit_granule_bytes: 65536.
 - commit_granule_words: 8192.
 - virtual_space_node_default_size: 8388608.
 - enlarge_chunks_in_place: 1.
UseCompressedClassPointers 1, UseCompactObjectHeaders 0
Narrow klass pointer bits 32, Max shift 3
Narrow klass base: 0x0000028e80000000, Narrow klass shift: 0
Encoding Range: [0x0000028e80000000 - 0x0000028f80000000), (4294967296 bytes)
Klass Range:    [0x0000028e80000000 - 0x0000028ec1000000), (1090519040 bytes)
Klass ID Range:  [8 - 1090519033) (1090519025)


Internal statistics:

num_allocs_failed_limit: 6.
num_arena_births: 604.
num_arena_deaths: 0.
num_vsnodes_births: 2.
num_vsnodes_deaths: 0.
num_space_committed: 773.
num_space_uncommitted: 0.
num_chunks_returned_to_freelist: 6.
num_chunks_taken_from_freelist: 2290.
num_chunk_merges: 6.
num_chunk_splits: 1625.
num_chunks_enlarged: 1273.
num_inconsistent_stats: 0.

CodeHeap 'non-profiled nmethods': size=120064Kb used=3055Kb max_used=3055Kb free=117008Kb
 bounds [0x0000028ede890000, 0x0000028edeb90000, 0x0000028ee5dd0000]
CodeHeap 'profiled nmethods': size=120000Kb used=10255Kb max_used=10255Kb free=109744Kb
 bounds [0x0000028ed6dd0000, 0x0000028ed77e0000, 0x0000028ede300000]
CodeHeap 'non-nmethods': size=5696Kb used=1516Kb max_used=1670Kb free=4179Kb
 bounds [0x0000028ede300000, 0x0000028ede570000, 0x0000028ede890000]
CodeCache: size=245760Kb, used=14826Kb, max_used=14980Kb, free=230931Kb
 total_blobs=6355, nmethods=5670, adapters=590, full_count=0
Compilation: enabled, stopped_count=0, restarted_count=0

Compilation events (20 events):
Event: 38.080 Thread 0x0000028eeb22f220 6157       3       jdk.xml.internal.XMLSecurityManager$Limit::is (35 bytes)
Event: 38.080 Thread 0x0000028eeb22f220 nmethod 6157 0x0000028ed77d0708 code [0x0000028ed77d0840, 0x0000028ed77d0b70]
Event: 38.080 Thread 0x0000028eeb22f220 6156       3       com.sun.org.apache.xerces.internal.xni.QName::<init> (9 bytes)
Event: 38.080 Thread 0x0000028eeb22f220 nmethod 6156 0x0000028ed77d0b88 code [0x0000028ed77d0ca0, 0x0000028ed77d0f40]
Event: 38.095 Thread 0x0000028eeb228840 6158       4       java.lang.StringLatin1::canEncode (13 bytes)
Event: 38.095 Thread 0x0000028eeb228840 nmethod 6158 0x0000028edeb8ad88 code [0x0000028edeb8ae80, 0x0000028edeb8af00]
Event: 38.095 Thread 0x0000028eeb228840 6159       4       java.lang.StringBuilder::<init> (6 bytes)
Event: 38.096 Thread 0x0000028eeb228840 nmethod 6159 0x0000028edeb8b088 code [0x0000028edeb8b1a0, 0x0000028edeb8b438]
Event: 38.096 Thread 0x0000028eeb228840 6160       4       java.util.HashMap::putVal (300 bytes)
Event: 38.099 Thread 0x0000028eeb22f220 6161       3       java.util.ResourceBundle$CacheKey::hashCode (23 bytes)
Event: 38.099 Thread 0x0000028eeb22f220 nmethod 6161 0x0000028ed77d0f88 code [0x0000028ed77d10c0, 0x0000028ed77d1378]
Event: 38.102 Thread 0x0000028eeb228840 nmethod 6160 0x0000028edeb8b488 code [0x0000028edeb8b600, 0x0000028edeb8bef0]
Event: 38.104 Thread 0x0000028eeb22f220 6162       3       java.lang.Enum::compareTo (44 bytes)
Event: 38.105 Thread 0x0000028eeb22f220 nmethod 6162 0x0000028ed77d1388 code [0x0000028ed77d1500, 0x0000028ed77d1dd8]
Event: 38.112 Thread 0x0000028eeb22f220 6163       3       com.sun.org.apache.xerces.internal.impl.XMLEntityScanner::normalizeNewlines (505 bytes)
Event: 38.113 Thread 0x0000028eeb22f220 nmethod 6163 0x0000028ed77d1e08 code [0x0000028ed77d2000, 0x0000028ed77d2d00]
Event: 38.113 Thread 0x0000028eeb22f220 6166       3       jdk.internal.module.SystemModuleFinders$SystemModuleReader::find (59 bytes)
Event: 38.113 Thread 0x0000028eeb228840 6167       4       java.util.Properties::loadConvert (540 bytes)
Event: 38.113 Thread 0x0000028eeb22f220 nmethod 6166 0x0000028ed77d2d88 code [0x0000028ed77d2fa0, 0x0000028ed77d3da0]
Event: 38.113 Thread 0x0000028eeb22f220 6164       3       com.sun.org.apache.xerces.internal.util.SymbolTable::hash (53 bytes)

GC Heap History (13 events):
Event: 1.704 GC heap before
{Heap before GC invocations=0 (full 0):
 garbage-first heap   total reserved 4159488K, committed 262144K, used 48244K [0x0000000702200000, 0x0000000800000000)
  region size 2048K, 24 young (49152K), 0 survivors (0K)
 Metaspace       used 11681K, committed 11904K, reserved 1114112K
  class space    used 1170K, committed 1280K, reserved 1048576K
}
Event: 1.711 GC heap after
{Heap after GC invocations=1 (full 0):
 garbage-first heap   total reserved 4159488K, committed 262144K, used 7798K [0x0000000702200000, 0x0000000800000000)
  region size 2048K, 3 young (6144K), 3 survivors (6144K)
 Metaspace       used 11681K, committed 11904K, reserved 1114112K
  class space    used 1170K, committed 1280K, reserved 1048576K
}
Event: 3.776 GC heap before
{Heap before GC invocations=1 (full 0):
 garbage-first heap   total reserved 4159488K, committed 262144K, used 58998K [0x0000000702200000, 0x0000000800000000)
  region size 2048K, 29 young (59392K), 3 survivors (6144K)
 Metaspace       used 21223K, committed 21504K, reserved 1114112K
  class space    used 2138K, committed 2304K, reserved 1048576K
}
Event: 3.783 GC heap after
{Heap after GC invocations=2 (full 0):
 garbage-first heap   total reserved 4159488K, committed 262144K, used 12942K [0x0000000702200000, 0x0000000800000000)
  region size 2048K, 6 young (12288K), 6 survivors (12288K)
 Metaspace       used 21223K, committed 21504K, reserved 1114112K
  class space    used 2138K, committed 2304K, reserved 1048576K
}
Event: 5.110 GC heap before
{Heap before GC invocations=3 (full 0):
 garbage-first heap   total reserved 4159488K, committed 55296K, used 51854K [0x0000000702200000, 0x0000000800000000)
  region size 2048K, 25 young (51200K), 6 survivors (12288K)
 Metaspace       used 27747K, committed 28160K, reserved 1114112K
  class space    used 2893K, committed 3072K, reserved 1048576K
}
Event: 5.123 GC heap after
{Heap after GC invocations=4 (full 0):
 garbage-first heap   total reserved 4159488K, committed 71680K, used 16696K [0x0000000702200000, 0x0000000800000000)
  region size 2048K, 5 young (10240K), 5 survivors (10240K)
 Metaspace       used 27747K, committed 28160K, reserved 1114112K
  class space    used 2893K, committed 3072K, reserved 1048576K
}
Event: 6.736 GC heap before
{Heap before GC invocations=4 (full 0):
 garbage-first heap   total reserved 4159488K, committed 71680K, used 49464K [0x0000000702200000, 0x0000000800000000)
  region size 2048K, 20 young (40960K), 5 survivors (10240K)
 Metaspace       used 34823K, committed 35264K, reserved 1114112K
  class space    used 3620K, committed 3776K, reserved 1048576K
}
Event: 6.749 GC heap after
{Heap after GC invocations=5 (full 0):
 garbage-first heap   total reserved 4159488K, committed 71680K, used 21133K [0x0000000702200000, 0x0000000800000000)
  region size 2048K, 2 young (4096K), 2 survivors (4096K)
 Metaspace       used 34823K, committed 35264K, reserved 1114112K
  class space    used 3620K, committed 3776K, reserved 1048576K
}
Event: 7.042 GC heap before
{Heap before GC invocations=5 (full 0):
 garbage-first heap   total reserved 4159488K, committed 71680K, used 25229K [0x0000000702200000, 0x0000000800000000)
  region size 2048K, 5 young (10240K), 2 survivors (4096K)
 Metaspace       used 35509K, committed 35968K, reserved 1114112K
  class space    used 3705K, committed 3904K, reserved 1048576K
}
Event: 7.046 GC heap after
{Heap after GC invocations=6 (full 0):
 garbage-first heap   total reserved 4159488K, committed 71680K, used 21310K [0x0000000702200000, 0x0000000800000000)
  region size 2048K, 2 young (4096K), 2 survivors (4096K)
 Metaspace       used 35509K, committed 35968K, reserved 1114112K
  class space    used 3705K, committed 3904K, reserved 1048576K
}
Event: 8.450 GC heap before
{Heap before GC invocations=7 (full 0):
 garbage-first heap   total reserved 4159488K, committed 71680K, used 52030K [0x0000000702200000, 0x0000000800000000)
  region size 2048K, 17 young (34816K), 2 survivors (4096K)
 Metaspace       used 39938K, committed 40448K, reserved 1114112K
  class space    used 4246K, committed 4480K, reserved 1048576K
}
Event: 8.457 GC heap after
{Heap after GC invocations=8 (full 0):
 garbage-first heap   total reserved 4159488K, committed 71680K, used 26138K [0x0000000702200000, 0x0000000800000000)
  region size 2048K, 3 young (6144K), 3 survivors (6144K)
 Metaspace       used 39938K, committed 40448K, reserved 1114112K
  class space    used 4246K, committed 4480K, reserved 1048576K
}
Event: 38.113 GC heap before
{Heap before GC invocations=8 (full 0):
 garbage-first heap   total reserved 4159488K, committed 71680K, used 54810K [0x0000000702200000, 0x0000000800000000)
  region size 2048K, 18 young (36864K), 3 survivors (6144K)
 Metaspace       used 49031K, committed 49472K, reserved 1114112K
  class space    used 5147K, committed 5312K, reserved 1048576K
}

Dll operation events (10 events):
Event: 0.023 Loaded shared library C:\Program Files\Java\jdk-24\bin\java.dll
Event: 0.075 Loaded shared library C:\Program Files\Java\jdk-24\bin\jsvml.dll
Event: 0.166 Loaded shared library C:\Program Files\Java\jdk-24\bin\net.dll
Event: 0.172 Loaded shared library C:\Program Files\Java\jdk-24\bin\nio.dll
Event: 0.180 Loaded shared library C:\Program Files\Java\jdk-24\bin\zip.dll
Event: 0.362 Loaded shared library C:\Program Files\Java\jdk-24\bin\jimage.dll
Event: 0.660 Loaded shared library C:\Program Files\Java\jdk-24\bin\management.dll
Event: 0.672 Loaded shared library C:\Program Files\Java\jdk-24\bin\management_ext.dll
Event: 2.213 Loaded shared library C:\Program Files\Java\jdk-24\bin\sunmscapi.dll
Event: 8.383 Loaded shared library C:\Program Files\Java\jdk-24\bin\extnet.dll

Deoptimization events (20 events):
Event: 29.132 Thread 0x0000028ec8518250 DEOPT PACKING pc=0x0000028edeb7c538 sp=0x000000a313cfa900
Event: 29.132 Thread 0x0000028ec8518250 DEOPT UNPACKING pc=0x0000028ede417802 sp=0x000000a313cfa878 mode 2
Event: 31.544 Thread 0x0000028ec85189a0 Uncommon trap: trap_request=0xffffff6e fr.pc=0x0000028edeb809bc relative=0x000000000000055c
Event: 31.544 Thread 0x0000028ec85189a0 Uncommon trap: reason=loop_limit_check action=maybe_recompile pc=0x0000028edeb809bc method=org.attoparser.util.TextUtil.equals(Z[CII[CII)Z @ 68 c2
Event: 31.544 Thread 0x0000028ec85189a0 DEOPT PACKING pc=0x0000028edeb809bc sp=0x000000a313ffa530
Event: 31.544 Thread 0x0000028ec85189a0 DEOPT UNPACKING pc=0x0000028ede417802 sp=0x000000a313ffa4d0 mode 2
Event: 31.553 Thread 0x0000028ec85189a0 Uncommon trap: trap_request=0xffffff4d fr.pc=0x0000028edeb47678 relative=0x0000000000000498
Event: 31.553 Thread 0x0000028ec85189a0 Uncommon trap: reason=unstable_if action=reinterpret pc=0x0000028edeb47678 method=org.thymeleaf.util.ProcessorComparators$ProcessorPrecedenceComparator.compare(Lorg/thymeleaf/processor/IProcessor;Lorg/thymeleaf/processor/IProcessor;)I @ 2 c2
Event: 31.553 Thread 0x0000028ec85189a0 DEOPT PACKING pc=0x0000028edeb47678 sp=0x000000a313fface0
Event: 31.553 Thread 0x0000028ec85189a0 DEOPT UNPACKING pc=0x0000028ede417802 sp=0x000000a313ffac60 mode 2
Event: 31.564 Thread 0x0000028ec85189a0 Uncommon trap: trap_request=0xffffff4d fr.pc=0x0000028edeb7a9d8 relative=0x0000000000000598
Event: 31.564 Thread 0x0000028ec85189a0 Uncommon trap: reason=unstable_if action=reinterpret pc=0x0000028edeb7a9d8 method=java.util.Properties.load0(Ljava/util/Properties$LineReader;)V @ 79 c2
Event: 31.564 Thread 0x0000028ec85189a0 DEOPT PACKING pc=0x0000028edeb7a9d8 sp=0x000000a313ff9f60
Event: 31.564 Thread 0x0000028ec85189a0 DEOPT UNPACKING pc=0x0000028ede417802 sp=0x000000a313ff9f08 mode 2
Event: 38.035 Thread 0x0000028ec851ae30 Uncommon trap: trap_request=0xffffff4d fr.pc=0x0000028ede97af40 relative=0x0000000000000ae0
Event: 38.035 Thread 0x0000028ec851ae30 Uncommon trap: reason=unstable_if action=reinterpret pc=0x0000028ede97af40 method=jdk.internal.module.SystemModuleFinders$SystemModuleReader.find(Ljava/lang/String;)Ljava/util/Optional; @ 5 c2
Event: 38.035 Thread 0x0000028ec851ae30 DEOPT PACKING pc=0x0000028ede97af40 sp=0x000000a3141f9440
Event: 38.035 Thread 0x0000028ec851ae30 DEOPT UNPACKING pc=0x0000028ede417802 sp=0x000000a3141f9428 mode 2
Event: 38.113 Thread 0x0000028ec851ae30 DEOPT PACKING pc=0x0000028ed77c6262 sp=0x000000a3141f9c30
Event: 38.113 Thread 0x0000028ec851ae30 DEOPT UNPACKING pc=0x0000028ede355722 sp=0x000000a3141f90e8 mode 0

Classes loaded (20 events):
Event: 38.109 Loading class com/sun/org/apache/xerces/internal/dom/NodeImpl done
Event: 38.109 Loading class com/sun/org/apache/xerces/internal/dom/ChildNode done
Event: 38.109 Loading class com/sun/org/apache/xerces/internal/dom/ParentNode done
Event: 38.109 Loading class com/sun/org/apache/xerces/internal/dom/CoreDocumentImpl done
Event: 38.109 Loading class com/sun/org/apache/xerces/internal/dom/DocumentImpl done
Event: 38.109 Loading class com/sun/org/apache/xerces/internal/dom/DeferredDocumentImpl done
Event: 38.110 Loading class com/sun/org/apache/xerces/internal/dom/DocumentTypeImpl
Event: 38.110 Loading class org/w3c/dom/DocumentType
Event: 38.110 Loading class org/w3c/dom/DocumentType done
Event: 38.110 Loading class com/sun/org/apache/xerces/internal/dom/DocumentTypeImpl done
Event: 38.110 Loading class com/sun/org/apache/xerces/internal/dom/ElementImpl
Event: 38.110 Loading class org/w3c/dom/ElementTraversal
Event: 38.110 Loading class org/w3c/dom/ElementTraversal done
Event: 38.110 Loading class com/sun/org/apache/xerces/internal/dom/ElementImpl done
Event: 38.110 Loading class com/sun/org/apache/xerces/internal/dom/NodeListCache
Event: 38.110 Loading class com/sun/org/apache/xerces/internal/dom/NodeListCache done
Event: 38.111 Loading class com/sun/org/apache/xerces/internal/dom/DeferredDocumentImpl$RefCount
Event: 38.111 Loading class com/sun/org/apache/xerces/internal/dom/DeferredDocumentImpl$RefCount done
Event: 38.112 Loading class com/sun/org/apache/xerces/internal/impl/xs/XMLSchemaLoader$LocationArray
Event: 38.112 Loading class com/sun/org/apache/xerces/internal/impl/xs/XMLSchemaLoader$LocationArray done

Classes unloaded (0 events):
No events

Classes redefined (0 events):
No events

Internal exceptions (20 events):
Event: 6.930 Thread 0x0000028ec1803b20 Exception <a 'java/lang/NoSuchMethodError'{0x0000000711efa770}: 'java.lang.Object java.lang.invoke.DirectMethodHandle$Holder.newInvokeSpecial(java.lang.Object, java.lang.Object, java.lang.Object, java.lang.Object, java.lang.Object, java.lang.Object, java.lang.Object, java.lang.Object)'> (0x0000000711efa770) 
thrown [s\open\src\hotspot\share\interpreter\linkResolver.cpp, line 805]
Event: 7.348 Thread 0x0000028ec1803b20 Exception <a 'java/io/IOException'{0x0000000711fc9030}> (0x0000000711fc9030) 
thrown [s\open\src\hotspot\share\prims\jni.cpp, line 518]
Event: 7.703 Thread 0x0000028ec1803b20 Exception <a 'java/lang/IncompatibleClassChangeError'{0x000000070da86f28}: Found class java.lang.Object, but interface was expected> (0x000000070da86f28) 
thrown [s\open\src\hotspot\share\interpreter\linkResolver.cpp, line 872]
Event: 7.997 Thread 0x0000028ec1803b20 Exception <a 'java/lang/NoSuchMethodError'{0x0000000704a7ef78}: 'int java.lang.invoke.DirectMethodHandle$Holder.invokeStaticInit(java.lang.Object, java.lang.Object, java.lang.Object, java.lang.Object)'> (0x0000000704a7ef78) 
thrown [s\open\src\hotspot\share\interpreter\linkResolver.cpp, line 805]
Event: 8.281 Thread 0x0000028ec1803b20 Exception <a 'java/lang/IncompatibleClassChangeError'{0x00000007045eacd8}: Found class java.lang.Object, but interface was expected> (0x00000007045eacd8) 
thrown [s\open\src\hotspot\share\interpreter\linkResolver.cpp, line 872]
Event: 8.420 Thread 0x0000028ec1803b20 Exception <a 'java/lang/NoSuchMethodError'{0x0000000704065b68}: 'java.lang.Object java.lang.invoke.DirectMethodHandle$Holder.newInvokeSpecial(java.lang.Object, java.lang.Object, int, java.lang.Object, java.lang.Object)'> (0x0000000704065b68) 
thrown [s\open\src\hotspot\share\interpreter\linkResolver.cpp, line 805]
Event: 26.192 Thread 0x0000028ec851bcd0 Exception <a 'java/lang/NoSuchMethodError'{0x0000000711f97f68}: 'java.lang.Object java.lang.invoke.DirectMethodHandle$Holder.invokeStatic(java.lang.Object, java.lang.Object, java.lang.Object, int, int)'> (0x0000000711f97f68) 
thrown [s\open\src\hotspot\share\interpreter\linkResolver.cpp, line 805]
Event: 26.192 Thread 0x0000028ec851bcd0 Exception <a 'java/lang/NoSuchMethodError'{0x0000000711fa0110}: 'java.lang.Object java.lang.invoke.DirectMethodHandle$Holder.invokeStaticInit(java.lang.Object, java.lang.Object, java.lang.Object, int, int)'> (0x0000000711fa0110) 
thrown [s\open\src\hotspot\share\interpreter\linkResolver.cpp, line 805]
Event: 26.246 Thread 0x0000028ec85173b0 Exception <a 'java/lang/NoSuchMethodError'{0x000000070e4b4708}: 'java.lang.Object java.lang.invoke.DirectMethodHandle$Holder.invokeSpecial(java.lang.Object, java.lang.Object, java.lang.Object, java.lang.Object, java.lang.Object, long)'> (0x000000070e4b4708) 
thrown [s\open\src\hotspot\share\interpreter\linkResolver.cpp, line 805]
Event: 26.247 Thread 0x0000028ec85173b0 Exception <a 'java/lang/NoSuchMethodError'{0x000000070e4bcf88}: 'java.lang.Object java.lang.invoke.DirectMethodHandle$Holder.invokeSpecial(java.lang.Object, java.lang.Object, java.lang.Object, java.lang.Object, java.lang.Object, java.lang.Object, long)'> (0x000000070e4bcf88) 
thrown [s\open\src\hotspot\share\interpreter\linkResolver.cpp, line 805]
Event: 26.247 Thread 0x0000028ec85173b0 Exception <a 'java/lang/NoSuchMethodError'{0x000000070e4c5628}: 'java.lang.Object java.lang.invoke.DelegatingMethodHandle$Holder.reinvoke_L(java.lang.Object, java.lang.Object, java.lang.Object, java.lang.Object, java.lang.Object, long)'> (0x000000070e4c5628) 
thrown [s\open\src\hotspot\share\interpreter\linkResolver.cpp, line 805]
Event: 26.248 Thread 0x0000028ec85173b0 Exception <a 'java/lang/NoSuchMethodError'{0x000000070e4d5f00}: 'java.lang.Object java.lang.invoke.Invokers$Holder.linkToTargetMethod(java.lang.Object, java.lang.Object, java.lang.Object, long, java.lang.Object)'> (0x000000070e4d5f00) 
thrown [s\open\src\hotspot\share\interpreter\linkResolver.cpp, line 805]
Event: 26.374 Thread 0x0000028ec85173b0 Exception <a 'java/lang/IncompatibleClassChangeError'{0x000000070e384240}: Found class java.lang.Object, but interface was expected> (0x000000070e384240) 
thrown [s\open\src\hotspot\share\interpreter\linkResolver.cpp, line 872]
Event: 26.663 Thread 0x0000028ec8516510 Implicit null exception at 0x0000028ede92a5d9 to 0x0000028ede92a8d8
Event: 28.851 Thread 0x0000028ec8516c60 Exception <a 'java/lang/NoSuchMethodError'{0x0000000704dd9860}: 'java.lang.Object java.lang.invoke.DirectMethodHandle$Holder.invokeStatic(java.lang.Object, int, int)'> (0x0000000704dd9860) 
thrown [s\open\src\hotspot\share\interpreter\linkResolver.cpp, line 805]
Event: 28.969 Thread 0x0000028ec8516c60 Exception <a 'java/lang/NoSuchMethodError'{0x0000000704b3d5d8}: 'java.lang.Object java.lang.invoke.DirectMethodHandle$Holder.invokeInterface(java.lang.Object, java.lang.Object, java.lang.Object, java.lang.Object)'> (0x0000000704b3d5d8) 
thrown [s\open\src\hotspot\share\interpreter\linkResolver.cpp, line 805]
Event: 29.008 Thread 0x0000028ec8516c60 Exception <a 'java/io/IOException'{0x000000070487bbd0}> (0x000000070487bbd0) 
thrown [s\open\src\hotspot\share\prims\jni.cpp, line 518]
Event: 38.017 Thread 0x0000028ec851ae30 Exception <a 'java/lang/NoSuchMethodError'{0x000000070446fb98}: 'java.lang.Object java.lang.invoke.DirectMethodHandle$Holder.invokeSpecial(java.lang.Object, java.lang.Object, long, java.lang.Object)'> (0x000000070446fb98) 
thrown [s\open\src\hotspot\share\interpreter\linkResolver.cpp, line 805]
Event: 38.017 Thread 0x0000028ec851ae30 Exception <a 'java/lang/NoSuchMethodError'{0x0000000704478b20}: 'java.lang.Object java.lang.invoke.DelegatingMethodHandle$Holder.reinvoke_L(java.lang.Object, java.lang.Object, long, java.lang.Object)'> (0x0000000704478b20) 
thrown [s\open\src\hotspot\share\interpreter\linkResolver.cpp, line 805]
Event: 38.094 Thread 0x0000028ec851ae30 Exception <a 'java/lang/ClassNotFoundException'{0x00000007045a8c68}: com/sun/org/apache/xerces/internal/impl/xpath/regex/spi/messageProvider> (0x00000007045a8c68) 
thrown [s\open\src\hotspot\share\classfile\systemDictionary.cpp, line 327]

VM Operations (20 events):
Event: 7.523 Executing VM operation: HandshakeAllThreads (Deoptimize) done
Event: 7.525 Executing VM operation: HandshakeAllThreads (Deoptimize)
Event: 7.525 Executing VM operation: HandshakeAllThreads (Deoptimize) done
Event: 7.729 Executing VM operation: HandshakeAllThreads (Deoptimize)
Event: 7.729 Executing VM operation: HandshakeAllThreads (Deoptimize) done
Event: 7.967 Executing VM operation: HandshakeAllThreads (Deoptimize)
Event: 7.967 Executing VM operation: HandshakeAllThreads (Deoptimize) done
Event: 8.193 Executing VM operation: HandshakeAllThreads (Deoptimize)
Event: 8.193 Executing VM operation: HandshakeAllThreads (Deoptimize) done
Event: 8.450 Executing VM operation: G1CollectForAllocation (G1 Evacuation Pause)
Event: 8.457 Executing VM operation: G1CollectForAllocation (G1 Evacuation Pause) done
Event: 26.280 Executing VM operation: HandshakeAllThreads (Deoptimize)
Event: 26.280 Executing VM operation: HandshakeAllThreads (Deoptimize) done
Event: 26.462 Executing VM operation: HandshakeAllThreads (Deoptimize)
Event: 26.462 Executing VM operation: HandshakeAllThreads (Deoptimize) done
Event: 27.006 Executing VM operation: HandshakeAllThreads (Deoptimize)
Event: 27.006 Executing VM operation: HandshakeAllThreads (Deoptimize) done
Event: 28.959 Executing VM operation: HandshakeAllThreads (Deoptimize)
Event: 28.959 Executing VM operation: HandshakeAllThreads (Deoptimize) done
Event: 38.113 Executing VM operation: G1CollectForAllocation (G1 Evacuation Pause)

Memory protections (0 events):
No events

Nmethod flushes (20 events):
Event: 7.078 Thread 0x0000028eeb2087c0 flushing  nmethod 0x0000028ed701f288
Event: 7.078 Thread 0x0000028eeb2087c0 flushing  nmethod 0x0000028ed7034488
Event: 7.078 Thread 0x0000028eeb2087c0 flushing  nmethod 0x0000028ed705b288
Event: 7.078 Thread 0x0000028eeb2087c0 flushing  nmethod 0x0000028ed705ca88
Event: 7.078 Thread 0x0000028eeb2087c0 flushing  nmethod 0x0000028ed708d088
Event: 7.078 Thread 0x0000028eeb2087c0 flushing  nmethod 0x0000028ed70c0e88
Event: 7.078 Thread 0x0000028eeb2087c0 flushing  nmethod 0x0000028ed70f7e88
Event: 7.078 Thread 0x0000028eeb2087c0 flushing  nmethod 0x0000028ed70fa408
Event: 7.079 Thread 0x0000028eeb2087c0 flushing  nmethod 0x0000028ed70fc188
Event: 7.079 Thread 0x0000028eeb2087c0 flushing  nmethod 0x0000028ed711d288
Event: 7.079 Thread 0x0000028eeb2087c0 flushing  nmethod 0x0000028ed711f288
Event: 7.079 Thread 0x0000028eeb2087c0 flushing  nmethod 0x0000028ed719e488
Event: 7.079 Thread 0x0000028eeb2087c0 flushing  nmethod 0x0000028ed719ef08
Event: 7.079 Thread 0x0000028eeb2087c0 flushing  nmethod 0x0000028ed719f488
Event: 7.079 Thread 0x0000028eeb2087c0 flushing  nmethod 0x0000028ed71a1f08
Event: 7.079 Thread 0x0000028eeb2087c0 flushing  nmethod 0x0000028ed720e788
Event: 7.079 Thread 0x0000028eeb2087c0 flushing  nmethod 0x0000028ed7211688
Event: 7.079 Thread 0x0000028eeb2087c0 flushing  nmethod 0x0000028ed7213308
Event: 7.079 Thread 0x0000028eeb2087c0 flushing  nmethod 0x0000028ed7241688
Event: 7.079 Thread 0x0000028eeb2087c0 flushing  nmethod 0x0000028ed739fc08

Events (20 events):
Event: 8.449 Thread 0x0000028ec1803b20 Thread added: 0x0000028ec8518250
Event: 8.449 Thread 0x0000028ec1803b20 Thread added: 0x0000028ec8519840
Event: 8.449 Thread 0x0000028ec1803b20 Thread added: 0x0000028ec851c420
Event: 8.449 Thread 0x0000028ec1803b20 Thread added: 0x0000028ec85189a0
Event: 8.450 Thread 0x0000028ec1803b20 Thread added: 0x0000028ec8517b00
Event: 8.450 Thread 0x0000028ec1803b20 Thread added: 0x0000028ec851ae30
Event: 8.450 Thread 0x0000028ec1803b20 Thread added: 0x0000028ec851a6e0
Event: 8.512 Thread 0x0000028ec1803b20 Thread added: 0x0000028ec851b580
Event: 8.516 Thread 0x0000028ec1803b20 Thread added: 0x0000028ec851bcd0
Event: 8.569 Thread 0x0000028ec1803b20 Thread exited: 0x0000028ec1803b20
Event: 8.573 Thread 0x0000028ec1a5e240 Thread exited: 0x0000028ec1a5e240
Event: 8.574 Thread 0x0000028ecb1c9680 Thread exited: 0x0000028ecb1c9680
Event: 8.574 Thread 0x0000028ec851cb70 Thread added: 0x0000028ec851cb70
Event: 9.419 Thread 0x0000028ec75430b0 Thread exited: 0x0000028ec75430b0
Event: 9.419 Thread 0x0000028ec6421e40 Thread exited: 0x0000028ec6421e40
Event: 11.328 Thread 0x0000028ec79dd720 Thread exited: 0x0000028ec79dd720
Event: 26.252 Thread 0x0000028eeb22f220 Thread added: 0x0000028ec7478eb0
Event: 26.548 Thread 0x0000028eeb22f220 Thread added: 0x0000028ec7b774e0
Event: 27.409 Thread 0x0000028ec7b774e0 Thread exited: 0x0000028ec7b774e0
Event: 27.409 Thread 0x0000028ec7478eb0 Thread exited: 0x0000028ec7478eb0


Dynamic libraries:
0x00007ff654ed0000 - 0x00007ff654ee0000 	C:\Program Files\Java\jdk-24\bin\java.exe
0x00007ffb49b90000 - 0x00007ffb49da7000 	C:\Windows\SYSTEM32\ntdll.dll
0x00007ffb48660000 - 0x00007ffb48724000 	C:\Windows\System32\KERNEL32.DLL
0x00007ffb47450000 - 0x00007ffb47823000 	C:\Windows\System32\KERNELBASE.dll
0x00007ffb46e10000 - 0x00007ffb46f21000 	C:\Windows\System32\ucrtbase.dll
0x00007ffb31d40000 - 0x00007ffb31d5b000 	C:\Program Files\Java\jdk-24\bin\VCRUNTIME140.dll
0x00007ffb2d150000 - 0x00007ffb2d166000 	C:\Program Files\Java\jdk-24\bin\jli.dll
0x00007ffb492a0000 - 0x00007ffb49451000 	C:\Windows\System32\USER32.dll
0x00007ffb47420000 - 0x00007ffb47446000 	C:\Windows\System32\win32u.dll
0x00007ffb48900000 - 0x00007ffb48929000 	C:\Windows\System32\GDI32.dll
0x00007ffb47190000 - 0x00007ffb472ab000 	C:\Windows\System32\gdi32full.dll
0x00007ffb47070000 - 0x00007ffb4710a000 	C:\Windows\System32\msvcp_win.dll
0x00007ffb309e0000 - 0x00007ffb30c78000 	C:\Windows\WinSxS\amd64_microsoft.windows.common-controls_6595b64144ccf1df_6.0.22621.5124_none_270e8f4f7386d69d\COMCTL32.dll
0x00007ffb491f0000 - 0x00007ffb49297000 	C:\Windows\System32\msvcrt.dll
0x00007ffb47ed0000 - 0x00007ffb47f01000 	C:\Windows\System32\IMM32.DLL
0x00007ffb39f30000 - 0x00007ffb3a08a000 	C:\Windows\system32\tmumh\20019\AddOn\8.55.0.1333\TmUmEvt64.dll
0x00007ffb48940000 - 0x00007ffb48948000 	C:\Windows\System32\PSAPI.DLL
0x00007ffb49460000 - 0x00007ffb49511000 	C:\Windows\System32\ADVAPI32.dll
0x00007ffb48780000 - 0x00007ffb48828000 	C:\Windows\System32\sechost.dll
0x00007ffb473f0000 - 0x00007ffb47418000 	C:\Windows\System32\bcrypt.dll
0x00007ffb47830000 - 0x00007ffb47944000 	C:\Windows\System32\RPCRT4.dll
0x0000000063400000 - 0x0000000063525000 	C:\Windows\system32\tmumh\20019\TmMon\2.9.0.1217\tmmon64.dll
0x00007ffb39980000 - 0x00007ffb3998c000 	C:\Program Files\Java\jdk-24\bin\vcruntime140_1.dll
0x00007ffae0500000 - 0x00007ffae058e000 	C:\Program Files\Java\jdk-24\bin\msvcp140.dll
0x00007ffabf2f0000 - 0x00007ffac0092000 	C:\Program Files\Java\jdk-24\bin\server\jvm.dll
0x00007ffb47d60000 - 0x00007ffb47dd1000 	C:\Windows\System32\WS2_32.dll
0x00007ffb45c30000 - 0x00007ffb45c7d000 	C:\Windows\SYSTEM32\POWRPROF.dll
0x00007ffb41290000 - 0x00007ffb412c4000 	C:\Windows\SYSTEM32\WINMM.dll
0x00007ffb40aa0000 - 0x00007ffb40aaa000 	C:\Windows\SYSTEM32\VERSION.dll
0x00007ffb45b60000 - 0x00007ffb45b73000 	C:\Windows\SYSTEM32\UMPDC.dll
0x00007ffb45d20000 - 0x00007ffb45d38000 	C:\Windows\SYSTEM32\kernel.appcore.dll
0x00007ffb391f0000 - 0x00007ffb391fa000 	C:\Program Files\Java\jdk-24\bin\jimage.dll
0x00007ffb40ee0000 - 0x00007ffb41112000 	C:\Windows\SYSTEM32\DBGHELP.DLL
0x00007ffb495e0000 - 0x00007ffb49972000 	C:\Windows\System32\combase.dll
0x00007ffb47de0000 - 0x00007ffb47eb7000 	C:\Windows\System32\OLEAUT32.dll
0x00007ffb3b830000 - 0x00007ffb3b862000 	C:\Windows\SYSTEM32\dbgcore.DLL
0x00007ffb47110000 - 0x00007ffb4718b000 	C:\Windows\System32\bcryptPrimitives.dll
0x00007ffb242a0000 - 0x00007ffb242be000 	C:\Program Files\Java\jdk-24\bin\java.dll
0x00007ffb499a0000 - 0x00007ffb49b41000 	C:\Windows\System32\ole32.dll
0x0000028ed6530000 - 0x0000028ed6dc6000 	C:\Windows\System32\SHELL32.dll
0x00007ffb472b0000 - 0x00007ffb473ef000 	C:\Windows\System32\wintypes.dll
0x00007ffb44b70000 - 0x00007ffb4548a000 	C:\Windows\SYSTEM32\windows.storage.dll
0x00007ffb48550000 - 0x00007ffb4865a000 	C:\Windows\System32\SHCORE.dll
0x00007ffb47950000 - 0x00007ffb479b3000 	C:\Windows\System32\shlwapi.dll
0x00007ffb46bd0000 - 0x00007ffb46bfb000 	C:\Windows\SYSTEM32\profapi.dll
0x00007ffad0940000 - 0x00007ffad0a17000 	C:\Program Files\Java\jdk-24\bin\jsvml.dll
0x00007ffb38a40000 - 0x00007ffb38a50000 	C:\Program Files\Java\jdk-24\bin\net.dll
0x00007ffb461f0000 - 0x00007ffb4625a000 	C:\Windows\system32\mswsock.dll
0x00007ffb22fc0000 - 0x00007ffb22fd6000 	C:\Program Files\Java\jdk-24\bin\nio.dll
0x00007ffb24270000 - 0x00007ffb24287000 	C:\Program Files\Java\jdk-24\bin\zip.dll
0x00007ffb31eb0000 - 0x00007ffb31eba000 	C:\Program Files\Java\jdk-24\bin\management.dll
0x00007ffb31e40000 - 0x00007ffb31e4b000 	C:\Program Files\Java\jdk-24\bin\management_ext.dll
0x00007ffb31310000 - 0x00007ffb3131e000 	C:\Program Files\Java\jdk-24\bin\sunmscapi.dll
0x00007ffb46ca0000 - 0x00007ffb46e07000 	C:\Windows\System32\CRYPT32.dll
0x00007ffb46650000 - 0x00007ffb4667d000 	C:\Windows\SYSTEM32\ncrypt.dll
0x00007ffb46610000 - 0x00007ffb46647000 	C:\Windows\SYSTEM32\NTASN1.dll
0x00007ffb46540000 - 0x00007ffb4655b000 	C:\Windows\SYSTEM32\CRYPTSP.dll
0x00007ffb45ce0000 - 0x00007ffb45d17000 	C:\Windows\system32\rsaenh.dll
0x00007ffb46290000 - 0x00007ffb462b8000 	C:\Windows\SYSTEM32\USERENV.dll
0x00007ffb46520000 - 0x00007ffb4652c000 	C:\Windows\SYSTEM32\CRYPTBASE.dll
0x00007ffb45730000 - 0x00007ffb4575d000 	C:\Windows\SYSTEM32\IPHLPAPI.DLL
0x00007ffb48930000 - 0x00007ffb48939000 	C:\Windows\System32\NSI.dll
0x00007ffb38a60000 - 0x00007ffb38a69000 	C:\Program Files\Java\jdk-24\bin\extnet.dll
0x00007ffb33120000 - 0x00007ffb33128000 	C:\Windows\system32\wshunix.dll

JVMTI agents: none

dbghelp: loaded successfully - version: 4.0.5 - missing functions: none
symbol engine: initialized successfully - sym options: 0x614 - pdb path: .;C:\Program Files\Java\jdk-24\bin;C:\Windows\SYSTEM32;C:\Windows\WinSxS\amd64_microsoft.windows.common-controls_6595b64144ccf1df_6.0.22621.5124_none_270e8f4f7386d69d;C:\Windows\system32\tmumh\20019\AddOn\8.55.0.1333;C:\Windows\system32\tmumh\20019\TmMon\2.9.0.1217;C:\Program Files\Java\jdk-24\bin\server

VM Arguments:
jvm_args: -XX:+ShowCodeDetailsInExceptionMessages 
java_command: com.example.music_management.MusicManagementApplication
java_class_path (initial): C:\Users\user\Desktop\teamA\teamA\target\classes;C:\Users\user\.m2\repository\org\springframework\boot\spring-boot-starter-jdbc\3.5.0\spring-boot-starter-jdbc-3.5.0.jar;C:\Users\user\.m2\repository\org\springframework\boot\spring-boot-starter\3.5.0\spring-boot-starter-3.5.0.jar;C:\Users\user\.m2\repository\org\springframework\boot\spring-boot-starter-logging\3.5.0\spring-boot-starter-logging-3.5.0.jar;C:\Users\user\.m2\repository\ch\qos\logback\logback-classic\1.5.18\logback-classic-1.5.18.jar;C:\Users\user\.m2\repository\ch\qos\logback\logback-core\1.5.18\logback-core-1.5.18.jar;C:\Users\user\.m2\repository\org\apache\logging\log4j\log4j-to-slf4j\2.24.3\log4j-to-slf4j-2.24.3.jar;C:\Users\user\.m2\repository\org\apache\logging\log4j\log4j-api\2.24.3\log4j-api-2.24.3.jar;C:\Users\user\.m2\repository\org\slf4j\jul-to-slf4j\2.0.17\jul-to-slf4j-2.0.17.jar;C:\Users\user\.m2\repository\jakarta\annotation\jakarta.annotation-api\2.1.1\jakarta.annotation-api-2.1.1.jar;C:\Users\user\.m2\repository\org\yaml\snakeyaml\2.4\snakeyaml-2.4.jar;C:\Users\user\.m2\repository\com\zaxxer\HikariCP\6.3.0\HikariCP-6.3.0.jar;C:\Users\user\.m2\repository\org\springframework\spring-jdbc\6.2.7\spring-jdbc-6.2.7.jar;C:\Users\user\.m2\repository\org\springframework\spring-beans\6.2.7\spring-beans-6.2.7.jar;C:\Users\user\.m2\repository\org\springframework\spring-tx\6.2.7\spring-tx-6.2.7.jar;C:\Users\user\.m2\repository\org\springframework\boot\spring-boot-starter-thymeleaf\3.5.0\spring-boot-starter-thymeleaf-3.5.0.jar;C:\Users\user\.m2\repository\org\thymeleaf\thymeleaf-spring6\3.1.3.RELEASE\thymeleaf-spring6-3.1.3.RELEASE.jar;C:\Users\user\.m2\repository\org\thymeleaf\thymeleaf\3.1.3.RELEASE\thymeleaf-3.1.3.RELEASE.jar;C:\Users\user\.m2\repository\org\attoparser\attoparser\2.0.7.RELEASE\attoparser-2.0.7.RELEASE.jar;C:\Users\user\.m2\repository\org\unbescape\unbescape\1.1.6.RELEASE\unbescape-1.1.6.RELEASE.jar;C:\Users\user\.m2\repository\org\springframework\boot\spring-boot-starter-web\3.5.0\spring-boot-starter-web-3.5.0.jar;C:\Users\user\.m2\repository\org\springframework\boot\spring-boot-starter-json\3.5.0\spring-boot-starter-json-3.5.0.jar;C:\Users\user\.m2\repository\com\fasterxml\jackson\core\jackson-databind\2.19.0\jackson-databind-2.19.0.jar;C:\Users\user\.m2\repository\com\fasterxml\jackson\core\jackson-annotations\2.19.0\jackson-annotations-2.19.0.jar;C:\Users\user\.m2\repository\com\fasterxml\jackson\core\jackson-core\2.19.0\jackson-core-2.19.0.jar;C:\Users\user\.m2\repository\com\fasterxml\jackson\datatype\jackson-datatype-jdk8\2.19.0\jackson-datatype-jdk8-2.19.0.jar;C:\Users\user\.m2\repository\com\fasterxml\jackson\datatype\jackson-datatype-jsr310\2.19.0\jackson-datatype-jsr310-2.19.0.jar;C:\Users\user\.m2\repository\com\fasterxml\jackson\module\jackson-module-parameter-names\2.19.0\jackson-module-parameter-names-2.19.0.jar;C:\Users\user\.m2\repository\org\springframework\boot\spring-boot-starter-tomcat\3.5.0\spring-boot-starter-tomcat-3.5.0.jar;C:\Users\user\.m2\repository\org\apache\tomcat\embed\tomcat-embed-core\10.1.41\tomcat-embed-core-10.1.41.jar;C:\Users\user\.m2\repository\org\apache\tomcat\embed\tomcat-embed-el\10.1.41\tomcat-embed-el-10.1.41.jar;C:\Users\user\.m2\repository\org\apache\tomcat\embed\tomcat-embed-websocket\10.1.41\tomcat-embed-websocket-10.1.41.jar;C:\Users\user\.m2\repository\org\springframework\spring-web\6.2.7\spring-web-6.2.7.jar;C:\Users\user\.m2\repository\io\micrometer\micrometer-observation\1.15.0\micrometer-observation-1.15.0.jar;C:\Users\user\.m2\repository\io\micrometer\micrometer-commons\1.15.0\micrometer-commons-1.15.0.jar;C:\Users\user\.m2\repository\org\springframework\spring-webmvc\6.2.7\spring-webmvc-6.2.7.jar;C:\Users\user\.m2\repository\org\springframework\spring-context\6.2.7\spring-context-6.2.7.jar;C:\Users\user\.m2\repository\org\springframework\spring-expression\6.2.7\spring-expression-6.2.7.jar;C:\Users\user\.m2\repository\org\springframework\boot\spring-boot-devtools\3.5.0\spring-boot-devtools-3.5.0.jar;C:\Users\user\.m2\repository\org\springframework\boot\spring-boot\3.5.0\spring-boot-3.5.0.jar;C:\Users\user\.m2\repository\org\springframework\boot\spring-boot-autoconfigure\3.5.0\spring-boot-autoconfigure-3.5.0.jar;C:\Users\user\.m2\repository\com\h2database\h2\2.3.232\h2-2.3.232.jar;C:\Users\user\.m2\repository\org\projectlombok\lombok\1.18.38\lombok-1.18.38.jar;C:\Users\user\.m2\repository\org\springframework\spring-core\6.2.7\spring-core-6.2.7.jar;C:\Users\user\.m2\repository\org\springframework\spring-jcl\6.2.7\spring-jcl-6.2.7.jar;C:\Users\user\.m2\repository\org\mybatis\spring\boot\mybatis-spring-boot-starter\3.0.3\mybatis-spring-boot-starter-3.0.3.jar;C:\Users\user\.m2\repository\org\mybatis\spring\boot\mybatis-spring-boot-autoconfigure\3.0.3\mybatis-spring-boot-autoconfigure-3.0.3.jar;C:\Users\user\.m2\repository\org\mybatis\mybatis\3.5.14\mybatis-3.5.14.jar;C:\Users\user\.m2\repository\org\mybatis\mybatis-spring\3.0.3\mybatis-spring-3.0.3.jar;C:\Users\user\.m2\repository\org\springframework\boot\spring-boot-starter-security\3.5.0\spring-boot-starter-security-3.5.0.jar;C:\Users\user\.m2\repository\org\springframework\spring-aop\6.2.7\spring-aop-6.2.7.jar;C:\Users\user\.m2\repository\org\springframework\security\spring-security-config\6.5.0\spring-security-config-6.5.0.jar;C:\Users\user\.m2\repository\org\springframework\security\spring-security-core\6.5.0\spring-security-core-6.5.0.jar;C:\Users\user\.m2\repository\org\springframework\security\spring-security-crypto\6.5.0\spring-security-crypto-6.5.0.jar;C:\Users\user\.m2\repository\org\springframework\security\spring-security-web\6.5.0\spring-security-web-6.5.0.jar;C:\Users\user\.m2\repository\org\thymeleaf\extras\thymeleaf-extras-springsecurity6\3.1.3.RELEASE\thymeleaf-extras-springsecurity6-3.1.3.RELEASE.jar;C:\Users\user\.m2\repository\org\slf4j\slf4j-api\2.0.17\slf4j-api-2.0.17.jar
Launcher Type: SUN_STANDARD

[Global flags]
     intx CICompilerCount                          = 4                                         {product} {ergonomic}
     uint ConcGCThreads                            = 2                                         {product} {ergonomic}
     uint G1ConcRefinementThreads                  = 8                                         {product} {ergonomic}
   size_t G1HeapRegionSize                         = 2097152                                   {product} {ergonomic}
   size_t InitialHeapSize                          = 266338304                                 {product} {ergonomic}
   size_t MarkStackSize                            = 4194304                                   {product} {ergonomic}
   size_t MarkStackSizeMax                         = 536870912                                 {product} {ergonomic}
   size_t MaxHeapSize                              = 4259315712                                {product} {ergonomic}
   size_t MaxNewSize                               = 2554331136                                {product} {ergonomic}
   size_t MinHeapDeltaBytes                        = 2097152                                   {product} {ergonomic}
   size_t MinHeapSize                              = 8388608                                   {product} {ergonomic}
    uintx NonNMethodCodeHeapSize                   = 5832704                                {pd product} {ergonomic}
    uintx NonProfiledCodeHeapSize                  = 122945536                              {pd product} {ergonomic}
    uintx ProfiledCodeHeapSize                     = 122880000                              {pd product} {ergonomic}
    uintx ReservedCodeCacheSize                    = 251658240                              {pd product} {ergonomic}
     bool SegmentedCodeCache                       = true                                      {product} {ergonomic}
     bool ShowCodeDetailsInExceptionMessages       = true                                   {manageable} {command line}
   size_t SoftMaxHeapSize                          = 4259315712                             {manageable} {ergonomic}
     bool UseCompressedOops                        = true                           {product lp64_product} {ergonomic}
     bool UseG1GC                                  = true                                      {product} {ergonomic}
     bool UseLargePagesIndividualAllocation        = false                                  {pd product} {ergonomic}

Logging:
Log output configuration:
 #0: stdout all=warning uptime,level,tags foldmultilines=false
 #1: stderr all=off uptime,level,tags foldmultilines=false

Environment Variables:
PATH=C:\Program Files\Common Files\Oracle\Java\javapath;C:\Windows\system32;C:\Windows;C:\Windows\System32\Wbem;C:\Windows\System32\WindowsPowerShell\v1.0\;C:\Windows\System32\OpenSSH\;C:\Program Files\Intel\WiFi\bin\;C:\Program Files\Common Files\Intel\WirelessCommon\;C:\Program Files\Git\cmd;C:\Users\user\AppData\Local\Microsoft\WindowsApps;C:\Users\user\AppData\Local\Programs\Microsoft VS Code\bin
USERNAME=user
LANG=en_US.UTF-8
OS=Windows_NT
PROCESSOR_IDENTIFIER=Intel64 Family 6 Model 142 Stepping 10, GenuineIntel
TMP=C:\Users\user\AppData\Local\Temp
TEMP=C:\Users\user\AppData\Local\Temp




Periodic native trim disabled

---------------  S Y S T E M  ---------------

OS:
 Windows 11 , 64 bit Build 22621 (10.0.22621.5124)
OS uptime: 6 days 0:11 hours
Hyper-V role detected

CPU: total 8 (initial active 8) (4 cores per cpu, 2 threads per core) family 6 model 142 stepping 10 microcode 0xf0, cx8, cmov, fxsr, ht, mmx, 3dnowpref, sse, sse2, sse3, ssse3, sse4.1, sse4.2, popcnt, lzcnt, tsc, tscinvbit, avx, avx2, aes, erms, clmul, bmi1, bmi2, adx, fma, vzeroupper, clflush, clflushopt, hv, rdtscp, f16c
Processor Information for the first 8 processors :
  Max Mhz: 1801, Current Mhz: 1801, Mhz Limit: 1801

Memory: 4k page, system-wide physical 16243M (5214M free)
TotalPageFile size 17267M (AvailPageFile size 3429M)
current process WorkingSet (physical memory assigned to process): 202M, peak: 260M
current process commit charge ("private bytes"): 244M, peak: 426M

vm_info: Java HotSpot(TM) 64-Bit Server VM (24.0.1+9-30) for windows-amd64 JRE (24.0.1+9-30), built on 2025-03-05T07:23:45Z with MS VC++ 17.6 (VS2022)

END.
